<?xml version="1.0" encoding="UTF-8"?>
<Site BuildName="Win32-ninja"
	BuildStamp="20260904-0903-Experimental"
	Name="DESKTOP-NNDRV3B"
	Generator="ctest-4.4.2"
	CompilerName="C:/msys64/ucrt64/bin/g++.exe"
	CompilerVersion="16.1.0"
	OSName="Windows"
	Hostname="DESKTOP-NNDRV3B"
	OSRelease="10.0.26200"
	OSVersion="Windows 10"
	OSPlatform="AMD64"
	Is64Bits="1"
	VendorString=""
	VendorID="Unknown Manufacturer"
	FamilyID="0"
	ModelID="0"
	ModelName=""
	ProcessorCacheSize="0"
	NumberOfLogicalCPU="8"
	NumberOfPhysicalCPU="4"
	TotalVirtualMemory="7680"
	TotalPhysicalMemory="7793"
	LogicalProcessorsPerPhysical="2"
	ProcessorClockFrequency="2592.000000"
	>
	<Testing>
		<StartDateTime>Sep 06 07:17 India Standard Time</StartDateTime>
		<StartTestTime>1788659251</StartTestTime>
		<TestList/>
		<EndDateTime>Sep 06 07:17 India Standard Time</EndDateTime>
		<EndTestTime>1788659251</EndTestTime>
		<ElapsedMinutes>0</ElapsedMinutes>
	</Testing>
</Site>
